{
    "meta": {
        "version": "5.5",
        "timestamp": "2021-05-31T21:32:31.801117",
        "branch_coverage": true,
        "show_contexts": false
    },
    "files": {
        "question2.py": {
            "executed_lines": [
                3,
                60,
                67,
                70,
                71,
                72,
                73,
                74,
                75,
                78
            ],
            "summary": {
                "covered_lines": 10,
                "num_statements": 16,
                "percent_covered": 58.333333333333336,
                "missing_lines": 6,
                "excluded_lines": 0,
                "num_branches": 8,
                "num_partial_branches": 0,
                "covered_branches": 4,
                "missing_branches": 4
            },
            "missing_lines": [
                81,
                82,
                83,
                84,
                85,
                86
            ],
            "excluded_lines": []
        },
        "test_question2.py": {
            "executed_lines": [
                3,
                6,
                9,
                11,
                14,
                18,
                36
            ],
            "summary": {
                "covered_lines": 7,
                "num_statements": 7,
                "percent_covered": 100.0,
                "missing_lines": 0,
                "excluded_lines": 0,
                "num_branches": 0,
                "num_partial_branches": 0,
                "covered_branches": 0,
                "missing_branches": 0
            },
            "missing_lines": [],
            "excluded_lines": []
        }
    },
    "totals": {
        "covered_lines": 17,
        "num_statements": 23,
        "percent_covered": 67.74193548387096,
        "missing_lines": 6,
        "excluded_lines": 0,
        "num_branches": 8,
        "num_partial_branches": 0,
        "covered_branches": 4,
        "missing_branches": 4
    }
}