{
    "meta": {
        "version": "5.5",
        "timestamp": "2021-08-10T14:15:52.121614",
        "branch_coverage": true,
        "show_contexts": false
    },
    "files": {
        "question2.py": {
            "executed_lines": [
                3,
                55,
                58,
                64,
                66,
                70,
                72,
                76,
                78,
                79,
                80,
                83,
                85,
                86,
                87,
                88,
                89,
                90,
                91,
                95,
                97,
                98,
                99,
                100,
                101,
                102,
                103,
                106,
                123
            ],
            "summary": {
                "covered_lines": 29,
                "num_statements": 46,
                "percent_covered": 64.0625,
                "missing_lines": 17,
                "excluded_lines": 0,
                "num_branches": 18,
                "num_partial_branches": 4,
                "covered_branches": 12,
                "missing_branches": 6
            },
            "missing_lines": [
                67,
                73,
                92,
                108,
                109,
                110,
                111,
                112,
                113,
                114,
                115,
                116,
                117,
                118,
                119,
                120,
                124
            ],
            "excluded_lines": []
        },
        "test_question2.py": {
            "executed_lines": [
                3,
                6,
                9,
                11,
                14,
                20,
                38
            ],
            "summary": {
                "covered_lines": 7,
                "num_statements": 7,
                "percent_covered": 100.0,
                "missing_lines": 0,
                "excluded_lines": 0,
                "num_branches": 0,
                "num_partial_branches": 0,
                "covered_branches": 0,
                "missing_branches": 0
            },
            "missing_lines": [],
            "excluded_lines": []
        }
    },
    "totals": {
        "covered_lines": 36,
        "num_statements": 53,
        "percent_covered": 67.6056338028169,
        "missing_lines": 17,
        "excluded_lines": 0,
        "num_branches": 18,
        "num_partial_branches": 4,
        "covered_branches": 12,
        "missing_branches": 6
    }
}