{
    "meta": {
        "version": "5.5",
        "timestamp": "2021-08-10T14:09:54.965287",
        "branch_coverage": true,
        "show_contexts": false
    },
    "files": {
        "question1.py": {
            "executed_lines": [
                3,
                35,
                38,
                39,
                42,
                43,
                44,
                46,
                47,
                49,
                51,
                52,
                53,
                54,
                57,
                73,
                74,
                75,
                76,
                77,
                78,
                79,
                80,
                81,
                82,
                83,
                86,
                87,
                88,
                89,
                90,
                91,
                92,
                93,
                94,
                97,
                116
            ],
            "summary": {
                "covered_lines": 36,
                "num_statements": 42,
                "percent_covered": 80.88235294117646,
                "missing_lines": 6,
                "excluded_lines": 0,
                "num_branches": 26,
                "num_partial_branches": 3,
                "covered_branches": 19,
                "missing_branches": 7
            },
            "missing_lines": [
                109,
                110,
                111,
                112,
                113,
                117
            ],
            "excluded_lines": []
        },
        "test_question1.py": {
            "executed_lines": [
                3,
                6,
                9,
                11,
                14,
                15,
                33,
                36,
                47,
                65,
                68,
                72,
                90,
                93,
                106,
                124
            ],
            "summary": {
                "covered_lines": 16,
                "num_statements": 16,
                "percent_covered": 100.0,
                "missing_lines": 0,
                "excluded_lines": 0,
                "num_branches": 0,
                "num_partial_branches": 0,
                "covered_branches": 0,
                "missing_branches": 0
            },
            "missing_lines": [],
            "excluded_lines": []
        }
    },
    "totals": {
        "covered_lines": 52,
        "num_statements": 58,
        "percent_covered": 84.52380952380952,
        "missing_lines": 6,
        "excluded_lines": 0,
        "num_branches": 26,
        "num_partial_branches": 3,
        "covered_branches": 19,
        "missing_branches": 7
    }
}